<?xml version="1.0" encoding="UTF-8"?>
<!-- Generated by org.testng.reporters.JUnitXMLReporter -->
<testsuite ignored="0" hostname="DESKTOP-2QN80ME" failures="0" tests="3" name="Nopackage" time="72.839" errors="0" timestamp="2023-02-04T11:22:26 IST">
  <testcase classname="com.hrms.testscripts.TC001" name="tc001" time="19.807"/>
  <testcase classname="com.hrms.testscripts.TC002" name="tc002" time="32.075"/>
  <testcase classname="com.hrms.testscripts.TC003" name="tc003" time="20.893"/>
</testsuite> <!-- Nopackage -->
