<?xml version="1.0" encoding="UTF-8"?>
<!-- Generated by org.testng.reporters.JUnitXMLReporter -->
<testsuite hostname="DESKTOP-2QN80ME" failures="0" tests="3" name="Nopackage" time="72.707" errors="0" timestamp="3 Feb 2023 02:40:10 GMT">
  <testcase classname="com.hrms.testscripts.TC001" name="tc001" time="23.634"/>
  <testcase classname="com.hrms.testscripts.TC002" name="tc002" time="29.108"/>
  <testcase classname="com.hrms.testscripts.TC003" name="tc003" time="19.945"/>
</testsuite> <!-- Nopackage -->
