<?xml version="1.0" encoding="UTF-8"?>
<testng-results total="3" passed="3" failed="0" skipped="0">
  <reporter-output>
    <line>
      <![CDATA[Application Opened]]>
    </line>
    <line>
      <![CDATA[Application Opened]]>
    </line>
    <line>
      <![CDATA[Application Opened]]>
    </line>
  </reporter-output>
  <suite started-at="2023-02-03T02:38:57Z" name="Suite1" finished-at="2023-02-03T02:40:10Z" duration-ms="72707">
    <groups>
    </groups>
    <test started-at="2023-02-03T02:38:57Z" name="Nopackage" finished-at="2023-02-03T02:40:10Z" duration-ms="72707">
      <class name="com.hrms.testscripts.TC001">
        <test-method signature="tc001()[pri:0, instance:com.hrms.testscripts.TC001@24fcf36f]" started-at="2023-02-03T08:08:57Z" name="tc001" finished-at="2023-02-03T08:09:21Z" duration-ms="23634" status="PASS">
          <reporter-output>
            <line>
              <![CDATA[Application Opened]]>
            </line>
          </reporter-output>
        </test-method> <!-- tc001 -->
      </class> <!-- com.hrms.testscripts.TC001 -->
      <class name="com.hrms.testscripts.TC002">
        <test-method signature="tc002()[pri:0, instance:com.hrms.testscripts.TC002@212b5695]" started-at="2023-02-03T08:09:21Z" name="tc002" finished-at="2023-02-03T08:09:50Z" duration-ms="29108" status="PASS">
          <reporter-output>
            <line>
              <![CDATA[Application Opened]]>
            </line>
          </reporter-output>
        </test-method> <!-- tc002 -->
      </class> <!-- com.hrms.testscripts.TC002 -->
      <class name="com.hrms.testscripts.TC003">
        <test-method signature="tc003()[pri:0, instance:com.hrms.testscripts.TC003@7ea9e1e2]" started-at="2023-02-03T08:09:50Z" name="tc003" finished-at="2023-02-03T08:10:10Z" duration-ms="19945" status="PASS">
          <reporter-output>
            <line>
              <![CDATA[Application Opened]]>
            </line>
          </reporter-output>
        </test-method> <!-- tc003 -->
      </class> <!-- com.hrms.testscripts.TC003 -->
    </test> <!-- Nopackage -->
  </suite> <!-- Suite1 -->
</testng-results>
